<?xml version="1.0" encoding="UTF-8"?>
<testsuite xmlns:xsi="http://www.w3.org/2001/XMLSchema-instance" xsi:noNamespaceSchemaLocation="https://maven.apache.org/surefire/maven-surefire-plugin/xsd/surefire-test-report-3.0.xsd" version="3.0" name="stage5.edu.yu.cs.com1320.project.stage5.impl.DocumentStoreImplTest" time="0.139" tests="26" errors="0" skipped="0" failures="3">
  <properties>
[...]
</properties>
  <testcase name="stage3DeleteAllWithPrefix" classname="stage5.edu.yu.cs.com1320.project.stage5.impl.DocumentStoreImplTest" time="0.027"/>
  <testcase name="stage3SearchTxtByPrefix" classname="stage5.edu.yu.cs.com1320.project.stage5.impl.DocumentStoreImplTest" time="0.009"/>
  <testcase name="testPutNewVersionOfDocumentBinary" classname="stage5.edu.yu.cs.com1320.project.stage5.impl.DocumentStoreImplTest" time="0.002"/>
  <testcase name="stage4testUpdateDocLastUseTimeOnSearch" classname="stage5.edu.yu.cs.com1320.project.stage5.impl.DocumentStoreImplTest" time="0.007"/>
  <testcase name="stage5PushToDiskViaMaxDocCount" classname="stage5.edu.yu.cs.com1320.project.stage5.impl.DocumentStoreImplTest" time="0.016">
    <failure type="org.opentest4j.AssertionFailedError"><![CDATA[org.opentest4j.AssertionFailedError: doc1 should've been on disk, but was not: contents were null ==> expected: not <null>
	at stage5.edu.yu.cs.com1320.project.stage5.impl.DocumentStoreImplTest.checkContents(DocumentStoreImplTest.java:109)
	at stage5.edu.yu.cs.com1320.project.stage5.impl.DocumentStoreImplTest.pushAboveMaxViaPutNew(DocumentStoreImplTest.java:135)
	at stage5.edu.yu.cs.com1320.project.stage5.impl.DocumentStoreImplTest.stage5PushToDiskViaMaxDocCount(DocumentStoreImplTest.java:122)
]]></failure>
    <system-err><![CDATA[TestUtils.uriToFile file path: /var/folders/_t/52clcbsx22x2j8kwx0kcwpvm0000gn/T/stage54206670810664909359/edu.yu.cs/com1320/project/doc1.json
TestUtils.getContents file path: /var/folders/_t/52clcbsx22x2j8kwx0kcwpvm0000gn/T/stage54206670810664909359/edu.yu.cs/com1320/project/doc1.json
]]></system-err>
  </testcase>
  <testcase name="stage4testUpdateDocLastUseTimeOnSearchByPrefix" classname="stage5.edu.yu.cs.com1320.project.stage5.impl.DocumentStoreImplTest" time="0.004"/>
  <testcase name="testPutBinaryDocumentNoPreviousDocAtURI" classname="stage5.edu.yu.cs.com1320.project.stage5.impl.DocumentStoreImplTest" time="0.001"/>
  <testcase name="testGetBinaryDocAsBinary" classname="stage5.edu.yu.cs.com1320.project.stage5.impl.DocumentStoreImplTest" time="0.001"/>
  <testcase name="stage3DeleteAllTxt" classname="stage5.edu.yu.cs.com1320.project.stage5.impl.DocumentStoreImplTest" time="0.003"/>
  <testcase name="testPutNewVersionOfDocumentTxt" classname="stage5.edu.yu.cs.com1320.project.stage5.impl.DocumentStoreImplTest" time="0.003"/>
  <testcase name="stage3SearchBinaryByPrefix" classname="stage5.edu.yu.cs.com1320.project.stage5.impl.DocumentStoreImplTest" time="0.004"/>
  <testcase name="stage3SearchBinary" classname="stage5.edu.yu.cs.com1320.project.stage5.impl.DocumentStoreImplTest" time="0.005"/>
  <testcase name="stage4testUpdateDocLastUseTimeOnOverwrite" classname="stage5.edu.yu.cs.com1320.project.stage5.impl.DocumentStoreImplTest" time="0.002"/>
  <testcase name="testDeleteDoc" classname="stage5.edu.yu.cs.com1320.project.stage5.impl.DocumentStoreImplTest" time="0.004"/>
  <testcase name="stage5PushToDiskViaMaxDocCountBringBackInViaDeleteAndSearch" classname="stage5.edu.yu.cs.com1320.project.stage5.impl.DocumentStoreImplTest" time="0.004">
    <failure type="org.opentest4j.AssertionFailedError"><![CDATA[org.opentest4j.AssertionFailedError: doc1 should've been on disk, but was not: contents were null ==> expected: not <null>
	at stage5.edu.yu.cs.com1320.project.stage5.impl.DocumentStoreImplTest.checkContents(DocumentStoreImplTest.java:109)
	at stage5.edu.yu.cs.com1320.project.stage5.impl.DocumentStoreImplTest.deleteDocInMemoryBringInDocFromDisk(DocumentStoreImplTest.java:193)
	at stage5.edu.yu.cs.com1320.project.stage5.impl.DocumentStoreImplTest.stage5PushToDiskViaMaxDocCountBringBackInViaDeleteAndSearch(DocumentStoreImplTest.java:169)
]]></failure>
    <system-err><![CDATA[TestUtils.uriToFile file path: /var/folders/_t/52clcbsx22x2j8kwx0kcwpvm0000gn/T/stage514823976233521095520/edu.yu.cs/com1320/project/doc1.json
TestUtils.getContents file path: /var/folders/_t/52clcbsx22x2j8kwx0kcwpvm0000gn/T/stage514823976233521095520/edu.yu.cs/com1320/project/doc1.json
]]></system-err>
  </testcase>
  <testcase name="testDeleteDocReturnValue" classname="stage5.edu.yu.cs.com1320.project.stage5.impl.DocumentStoreImplTest" time="0.003"/>
  <testcase name="stage3DeleteAllBinary" classname="stage5.edu.yu.cs.com1320.project.stage5.impl.DocumentStoreImplTest" time="0.003"/>
  <testcase name="stage5PushToDiskViaMaxDocCountViaUndoDelete" classname="stage5.edu.yu.cs.com1320.project.stage5.impl.DocumentStoreImplTest" time="0.007">
    <failure type="org.opentest4j.AssertionFailedError"><![CDATA[org.opentest4j.AssertionFailedError: doc1 should've been written out to disk, but was not: contents were null ==> expected: not <null>
	at stage5.edu.yu.cs.com1320.project.stage5.impl.DocumentStoreImplTest.checkContents(DocumentStoreImplTest.java:109)
	at stage5.edu.yu.cs.com1320.project.stage5.impl.DocumentStoreImplTest.overLimitViaUndo(DocumentStoreImplTest.java:240)
	at stage5.edu.yu.cs.com1320.project.stage5.impl.DocumentStoreImplTest.stage5PushToDiskViaMaxDocCountViaUndoDelete(DocumentStoreImplTest.java:219)
]]></failure>
    <system-err><![CDATA[TestUtils.uriToFile file path: /var/folders/_t/52clcbsx22x2j8kwx0kcwpvm0000gn/T/stage516071434199470883972/edu.yu.cs/com1320/project/doc1.json
TestUtils.getContents file path: /var/folders/_t/52clcbsx22x2j8kwx0kcwpvm0000gn/T/stage516071434199470883972/edu.yu.cs/com1320/project/doc1.json
]]></system-err>
  </testcase>
  <testcase name="stage3Search" classname="stage5.edu.yu.cs.com1320.project.stage5.impl.DocumentStoreImplTest" time="0.01"/>
  <testcase name="testPutTxtDocumentNoPreviousDocAtURI" classname="stage5.edu.yu.cs.com1320.project.stage5.impl.DocumentStoreImplTest" time="0.002"/>
  <testcase name="testGetTxtDoc" classname="stage5.edu.yu.cs.com1320.project.stage5.impl.DocumentStoreImplTest" time="0.001"/>
  <testcase name="stage4testSetDocLastUseTimeOnGet" classname="stage5.edu.yu.cs.com1320.project.stage5.impl.DocumentStoreImplTest" time="0"/>
  <testcase name="stage4testSetDocLastUseTimeOnPut" classname="stage5.edu.yu.cs.com1320.project.stage5.impl.DocumentStoreImplTest" time="0.001"/>
  <testcase name="testGetTxtDocAsBinary" classname="stage5.edu.yu.cs.com1320.project.stage5.impl.DocumentStoreImplTest" time="0.002"/>
  <testcase name="testPutDocumentWithNullArguments" classname="stage5.edu.yu.cs.com1320.project.stage5.impl.DocumentStoreImplTest" time="0.001"/>
  <testcase name="testGetBinaryDocAsTxt" classname="stage5.edu.yu.cs.com1320.project.stage5.impl.DocumentStoreImplTest" time="0.001"/>
</testsuite>