<?xml version="1.0" encoding="UTF-8"?>
<testsuite xmlns:xsi="http://www.w3.org/2001/XMLSchema-instance" xsi:noNamespaceSchemaLocation="https://maven.apache.org/surefire/maven-surefire-plugin/xsd/surefire-test-report-3.0.xsd" version="3.0" name="edu.yu.cs.com1320.project.impl.StackAndCommandImplTest" time="0.041" tests="3" errors="0" skipped="0" failures="0">
  <properties>
[...]
</properties>
  <testcase name="peekTest" classname="edu.yu.cs.com1320.project.impl.StackAndCommandImplTest" time="0.027"/>
  <testcase name="sizeTest" classname="edu.yu.cs.com1320.project.impl.StackAndCommandImplTest" time="0.001"/>
  <testcase name="pushAndPopTest" classname="edu.yu.cs.com1320.project.impl.StackAndCommandImplTest" time="0"/>
</testsuite>